STEP 19/20: Ch06: Bandit Matrix (JSON artifact)
CMD: /Volumes/Lexar2T/src/reinforcement_learning_search_from_scratch/pre-submit/code/chapters0-6/.venv/bin/python scripts/ch06/run_bandit_matrix.py --n-static 200 --n-bandit 1000 --output-dir verification_runs/ch00_06/run_20260116T123808Z/artifacts/ch06/data --sequential
CWD: /Volumes/Lexar2T/src/reinforcement_learning_search_from_scratch/pre-submit/code/chapters0-6
START: 2026-01-16T12:42:38Z
/Volumes/Lexar2T/src/reinforcement_learning_search_from_scratch/pre-submit/code/chapters0-6/scripts/ch06/run_bandit_matrix.py:402: DeprecationWarning: datetime.datetime.utcnow() is deprecated and scheduled for removal in a future version. Use timezone-aware objects to represent datetimes in UTC: datetime.datetime.now(datetime.UTC).
  timestamp = datetime.utcnow().strftime("%Y%m%dT%H%M%SZ")
/Volumes/Lexar2T/src/reinforcement_learning_search_from_scratch/pre-submit/code/chapters0-6/scripts/ch06/run_bandit_matrix.py:408: DeprecationWarning: datetime.datetime.utcnow() is deprecated and scheduled for removal in a future version. Use timezone-aware objects to represent datetimes in UTC: datetime.datetime.now(datetime.UTC).
  "generated_at": datetime.utcnow().isoformat(timespec="seconds") + "Z",
Planned scenarios:
  [1/5] simple_baseline      features=simple    world_seed=20250701   bandit_seed=20250801   prior= 0 lin_alpha=1.00 ts_sigma=1.00 reg=none
  [2/5] rich_oracle_raw      features=rich      world_seed=20250702   bandit_seed=20250811   prior= 6 lin_alpha=1.00 ts_sigma=1.00 reg=none
  [3/5] rich_oracle_blend    features=rich      world_seed=20250703   bandit_seed=20250821   prior= 6 lin_alpha=1.00 ts_sigma=1.00 reg=blend
  [4/5] rich_oracle_quantized features=rich      world_seed=20250704   bandit_seed=20250831   prior=12 lin_alpha=0.85 ts_sigma=0.70 reg=quantized
  [5/5] rich_estimated       features=rich_est  world_seed=20250705   bandit_seed=20250841   prior=12 lin_alpha=0.85 ts_sigma=0.70 reg=none

[1/5] Running scenario 'simple_baseline'...
✓ Completed 'simple_baseline'

[2/5] Running scenario 'rich_oracle_raw'...
✓ Completed 'rich_oracle_raw'

[3/5] Running scenario 'rich_oracle_blend'...
✓ Completed 'rich_oracle_blend'

[4/5] Running scenario 'rich_oracle_quantized'...
✓ Completed 'rich_oracle_quantized'

[5/5] Running scenario 'rich_estimated'...
✓ Completed 'rich_estimated'

Saved batch results to verification_runs/ch00_06/run_20260116T123808Z/artifacts/ch06/data/bandit_matrix_20260116T125453Z.json
