[WARNING] Missing character: There is no ╔ (U+2554) (U+2554) in font [lmmono10-regular]:!
[WARNING] Missing character: There is no ═ (U+2550) (U+2550) in font [lmmono10-regular]:!
[WARNING] Missing character: There is no ╔ (U+2554) (U+2554) in font [lmmono10-regular]:!
[WARNING] Missing character: There is no ═ (U+2550) (U+2550) in font [lmmono10-regular]:!
[WARNING] Missing character: There is no ╔ (U+2554) (U+2554) in font [lmmono10-regular]:!
[WARNING] Missing character: There is no ═ (U+2550) (U+2550) in font [lmmono10-regular]:!
[WARNING] Missing character: There is no ═ (U+2550) (U+2550) in font [lmmono10-regular]:!
[WARNING] Missing character: There is no ═ (U+2550) (U+2550) in font [lmmono10-regular]:!
[WARNING] Missing character: There is no ═ (U+2550) (U+2550) in font [lmmono10-regular]:!
[WARNING] Missing character: There is no ═ (U+2550) (U+2550) in font [lmmono10-regular]:!
[WARNING] Missing character: There is no ═ (U+2550) (U+2550) in font [lmmono10-regular]:!
[WARNING] Missing character: There is no ═ (U+2550) (U+2550) in font [lmmono10-regular]:!
[WARNING] Missing character: There is no ═ (U+2550) (U+2550) in font [lmmono10-regular]:!
[WARNING] Missing character: There is no ═ (U+2550) (U+2550) in font [lmmono10-regular]:!
[WARNING] Missing character: There is no ═ (U+2550) (U+2550) in font [lmmono10-regular]:!
[WARNING] Missing character: There is no ═ (U+2550) (U+2550) in font [lmmono10-regular]:!
[WARNING] Missing character: There is no ═ (U+2550) (U+2550) in font [lmmono10-regular]:!
[WARNING] Missing character: There is no ═ (U+2550) (U+2550) in font [lmmono10-regular]:!
[WARNING] Missing character: There is no ═ (U+2550) (U+2550) in font [lmmono10-regular]:!
[WARNING] Missing character: There is no ═ (U+2550) (U+2550) in font [lmmono10-regular]:!
[WARNING] Missing character: There is no ═ (U+2550) (U+2550) in font [lmmono10-regular]:!
[WARNING] Missing character: There is no ═ (U+2550) (U+2550) in font [lmmono10-regular]:!
[WARNING] Missing character: There is no ═ (U+2550) (U+2550) in font [lmmono10-regular]:!
[WARNING] Missing character: There is no ═ (U+2550) (U+2550) in font [lmmono10-regular]:!
[WARNING] Missing character: There is no ═ (U+2550) (U+2550) in font [lmmono10-regular]:!
[WARNING] Missing character: There is no ═ (U+2550) (U+2550) in font [lmmono10-regular]:!
[WARNING] Missing character: There is no ═ (U+2550) (U+2550) in font [lmmono10-regular]:!
[WARNING] Missing character: There is no ═ (U+2550) (U+2550) in font [lmmono10-regular]:!
[WARNING] Missing character: There is no ═ (U+2550) (U+2550) in font [lmmono10-regular]:!
[WARNING] Missing character: There is no ═ (U+2550) (U+2550) in font [lmmono10-regular]:!
[WARNING] Missing character: There is no ═ (U+2550) (U+2550) in font [lmmono10-regular]:!
[WARNING] Missing character: There is no ═ (U+2550) (U+2550) in font [lmmono10-regular]:!
[WARNING] Missing character: There is no ═ (U+2550) (U+2550) in font [lmmono10-regular]:!
[WARNING] Missing character: There is no ═ (U+2550) (U+2550) in font [lmmono10-regular]:!
[WARNING] Missing character: There is no ═ (U+2550) (U+2550) in font [lmmono10-regular]:!
[WARNING] Missing character: There is no ═ (U+2550) (U+2550) in font [lmmono10-regular]:!
[WARNING] Missing character: There is no ═ (U+2550) (U+2550) in font [lmmono10-regular]:!
[WARNING] Missing character: There is no ═ (U+2550) (U+2550) in font [lmmono10-regular]:!
[WARNING] Missing character: There is no ═ (U+2550) (U+2550) in font [lmmono10-regular]:!
[WARNING] Missing character: There is no ═ (U+2550) (U+2550) in font [lmmono10-regular]:!
[WARNING] Missing character: There is no ═ (U+2550) (U+2550) in font [lmmono10-regular]:!
[WARNING] Missing character: There is no ═ (U+2550) (U+2550) in font [lmmono10-regular]:!
[WARNING] Missing character: There is no ═ (U+2550) (U+2550) in font [lmmono10-regular]:!
[WARNING] Missing character: There is no ═ (U+2550) (U+2550) in font [lmmono10-regular]:!
[WARNING] Missing character: There is no ═ (U+2550) (U+2550) in font [lmmono10-regular]:!
[WARNING] Missing character: There is no ═ (U+2550) (U+2550) in font [lmmono10-regular]:!
[WARNING] Missing character: There is no ═ (U+2550) (U+2550) in font [lmmono10-regular]:!
[WARNING] Missing character: There is no ═ (U+2550) (U+2550) in font [lmmono10-regular]:!
[WARNING] Missing character: There is no ═ (U+2550) (U+2550) in font [lmmono10-regular]:!
[WARNING] Missing character: There is no ═ (U+2550) (U+2550) in font [lmmono10-regular]:!
[WARNING] Missing character: There is no ═ (U+2550) (U+2550) in font [lmmono10-regular]:!
[WARNING] Missing character: There is no ═ (U+2550) (U+2550) in font [lmmono10-regular]:!
[WARNING] Missing character: There is no ═ (U+2550) (U+2550) in font [lmmono10-regular]:!
[WARNING] Missing character: There is no ═ (U+2550) (U+2550) in font [lmmono10-regular]:!
[WARNING] Missing character: There is no ═ (U+2550) (U+2550) in font [lmmono10-regular]:!
[WARNING] Missing character: There is no ═ (U+2550) (U+2550) in font [lmmono10-regular]:!
[WARNING] Missing character: There is no ═ (U+2550) (U+2550) in font [lmmono10-regular]:!
[WARNING] Missing character: There is no ═ (U+2550) (U+2550) in font [lmmono10-regular]:!
[WARNING] Missing character: There is no ═ (U+2550) (U+2550) in font [lmmono10-regular]:!
[WARNING] Missing character: There is no ═ (U+2550) (U+2550) in font [lmmono10-regular]:!
[WARNING] Missing character: There is no ═ (U+2550) (U+2550) in font [lmmono10-regular]:!
[WARNING] Missing character: There is no ═ (U+2550) (U+2550) in font [lmmono10-regular]:!
[WARNING] Missing character: There is no ═ (U+2550) (U+2550) in font [lmmono10-regular]:!
[WARNING] Missing character: There is no ═ (U+2550) (U+2550) in font [lmmono10-regular]:!
[WARNING] Missing character: There is no ═ (U+2550) (U+2550) in font [lmmono10-regular]:!
[WARNING] Missing character: There is no ═ (U+2550) (U+2550) in font [lmmono10-regular]:!
[WARNING] Missing character: There is no ═ (U+2550) (U+2550) in font [lmmono10-regular]:!
[WARNING] Missing character: There is no ═ (U+2550) (U+2550) in font [lmmono10-regular]:!
[WARNING] Missing character: There is no ═ (U+2550) (U+2550) in font [lmmono10-regular]:!
[WARNING] Missing character: There is no ═ (U+2550) (U+2550) in font [lmmono10-regular]:!
[WARNING] Missing character: There is no ═ (U+2550) (U+2550) in font [lmmono10-regular]:!
[WARNING] Missing character: There is no ═ (U+2550) (U+2550) in font [lmmono10-regular]:!
[WARNING] Missing character: There is no ═ (U+2550) (U+2550) in font [lmmono10-regular]:!
[WARNING] Missing character: There is no ═ (U+2550) (U+2550) in font [lmmono10-regular]:!
[WARNING] Missing character: There is no ═ (U+2550) (U+2550) in font [lmmono10-regular]:!
[WARNING] Missing character: There is no ╗ (U+2557) (U+2557) in font [lmmono10-regular]:!
[WARNING] Missing character: There is no ║ (U+2551) (U+2551) in font [lmmono10-regular]:!
[WARNING] Missing character: There is no ║ (U+2551) (U+2551) in font [lmmono10-regular]:!
[WARNING] Missing character: There is no ║ (U+2551) (U+2551) in font [lmmono10-regular]:!
[WARNING] Missing character: There is no ║ (U+2551) (U+2551) in font [lmmono10-regular]:!
[WARNING] Missing character: There is no ║ (U+2551) (U+2551) in font [lmmono10-regular]:!
[WARNING] Missing character: There is no ║ (U+2551) (U+2551) in font [lmmono10-regular]:!
[WARNING] Missing character: There is no ║ (U+2551) (U+2551) in font [lmmono10-regular]:!
[WARNING] Missing character: There is no ║ (U+2551) (U+2551) in font [lmmono10-regular]:!
[WARNING] Missing character: There is no ║ (U+2551) (U+2551) in font [lmmono10-regular]:!
[WARNING] Missing character: There is no ║ (U+2551) (U+2551) in font [lmmono10-regular]:!
[WARNING] Missing character: There is no ║ (U+2551) (U+2551) in font [lmmono10-regular]:!
[WARNING] Missing character: There is no ║ (U+2551) (U+2551) in font [lmmono10-regular]:!
[WARNING] Missing character: There is no ║ (U+2551) (U+2551) in font [lmmono10-regular]:!
[WARNING] Missing character: There is no ║ (U+2551) (U+2551) in font [lmmono10-regular]:!
[WARNING] Missing character: There is no ║ (U+2551) (U+2551) in font [lmmono10-regular]:!
[WARNING] Missing character: There is no ║ (U+2551) (U+2551) in font [lmmono10-regular]:!
[WARNING] Missing character: There is no ║ (U+2551) (U+2551) in font [lmmono10-regular]:!
[WARNING] Missing character: There is no ║ (U+2551) (U+2551) in font [lmmono10-regular]:!
[WARNING] Missing character: There is no ║ (U+2551) (U+2551) in font [lmmono10-regular]:!
[WARNING] Missing character: There is no ║ (U+2551) (U+2551) in font [lmmono10-regular]:!
[WARNING] Missing character: There is no ║ (U+2551) (U+2551) in font [lmmono10-regular]:!
[WARNING] Missing character: There is no ╚ (U+255A) (U+255A) in font [lmmono10-regular]:!
[WARNING] Missing character: There is no ═ (U+2550) (U+2550) in font [lmmono10-regular]:!
[WARNING] Missing character: There is no ╚ (U+255A) (U+255A) in font [lmmono10-regular]:!
[WARNING] Missing character: There is no ═ (U+2550) (U+2550) in font [lmmono10-regular]:!
[WARNING] Missing character: There is no ╚ (U+255A) (U+255A) in font [lmmono10-regular]:!
[WARNING] Missing character: There is no ═ (U+2550) (U+2550) in font [lmmono10-regular]:!
[WARNING] Missing character: There is no ═ (U+2550) (U+2550) in font [lmmono10-regular]:!
[WARNING] Missing character: There is no ═ (U+2550) (U+2550) in font [lmmono10-regular]:!
[WARNING] Missing character: There is no ═ (U+2550) (U+2550) in font [lmmono10-regular]:!
[WARNING] Missing character: There is no ═ (U+2550) (U+2550) in font [lmmono10-regular]:!
[WARNING] Missing character: There is no ═ (U+2550) (U+2550) in font [lmmono10-regular]:!
[WARNING] Missing character: There is no ═ (U+2550) (U+2550) in font [lmmono10-regular]:!
[WARNING] Missing character: There is no ═ (U+2550) (U+2550) in font [lmmono10-regular]:!
[WARNING] Missing character: There is no ═ (U+2550) (U+2550) in font [lmmono10-regular]:!
[WARNING] Missing character: There is no ═ (U+2550) (U+2550) in font [lmmono10-regular]:!
[WARNING] Missing character: There is no ═ (U+2550) (U+2550) in font [lmmono10-regular]:!
[WARNING] Missing character: There is no ═ (U+2550) (U+2550) in font [lmmono10-regular]:!
[WARNING] Missing character: There is no ═ (U+2550) (U+2550) in font [lmmono10-regular]:!
[WARNING] Missing character: There is no ═ (U+2550) (U+2550) in font [lmmono10-regular]:!
[WARNING] Missing character: There is no ═ (U+2550) (U+2550) in font [lmmono10-regular]:!
[WARNING] Missing character: There is no ═ (U+2550) (U+2550) in font [lmmono10-regular]:!
[WARNING] Missing character: There is no ═ (U+2550) (U+2550) in font [lmmono10-regular]:!
[WARNING] Missing character: There is no ═ (U+2550) (U+2550) in font [lmmono10-regular]:!
[WARNING] Missing character: There is no ═ (U+2550) (U+2550) in font [lmmono10-regular]:!
[WARNING] Missing character: There is no ═ (U+2550) (U+2550) in font [lmmono10-regular]:!
[WARNING] Missing character: There is no ═ (U+2550) (U+2550) in font [lmmono10-regular]:!
[WARNING] Missing character: There is no ═ (U+2550) (U+2550) in font [lmmono10-regular]:!
[WARNING] Missing character: There is no ═ (U+2550) (U+2550) in font [lmmono10-regular]:!
[WARNING] Missing character: There is no ═ (U+2550) (U+2550) in font [lmmono10-regular]:!
[WARNING] Missing character: There is no ═ (U+2550) (U+2550) in font [lmmono10-regular]:!
[WARNING] Missing character: There is no ═ (U+2550) (U+2550) in font [lmmono10-regular]:!
[WARNING] Missing character: There is no ═ (U+2550) (U+2550) in font [lmmono10-regular]:!
[WARNING] Missing character: There is no ═ (U+2550) (U+2550) in font [lmmono10-regular]:!
[WARNING] Missing character: There is no ═ (U+2550) (U+2550) in font [lmmono10-regular]:!
[WARNING] Missing character: There is no ═ (U+2550) (U+2550) in font [lmmono10-regular]:!
[WARNING] Missing character: There is no ═ (U+2550) (U+2550) in font [lmmono10-regular]:!
[WARNING] Missing character: There is no ═ (U+2550) (U+2550) in font [lmmono10-regular]:!
[WARNING] Missing character: There is no ═ (U+2550) (U+2550) in font [lmmono10-regular]:!
[WARNING] Missing character: There is no ═ (U+2550) (U+2550) in font [lmmono10-regular]:!
[WARNING] Missing character: There is no ═ (U+2550) (U+2550) in font [lmmono10-regular]:!
[WARNING] Missing character: There is no ═ (U+2550) (U+2550) in font [lmmono10-regular]:!
[WARNING] Missing character: There is no ═ (U+2550) (U+2550) in font [lmmono10-regular]:!
[WARNING] Missing character: There is no ═ (U+2550) (U+2550) in font [lmmono10-regular]:!
[WARNING] Missing character: There is no ═ (U+2550) (U+2550) in font [lmmono10-regular]:!
[WARNING] Missing character: There is no ═ (U+2550) (U+2550) in font [lmmono10-regular]:!
[WARNING] Missing character: There is no ═ (U+2550) (U+2550) in font [lmmono10-regular]:!
[WARNING] Missing character: There is no ═ (U+2550) (U+2550) in font [lmmono10-regular]:!
[WARNING] Missing character: There is no ═ (U+2550) (U+2550) in font [lmmono10-regular]:!
[WARNING] Missing character: There is no ═ (U+2550) (U+2550) in font [lmmono10-regular]:!
[WARNING] Missing character: There is no ═ (U+2550) (U+2550) in font [lmmono10-regular]:!
[WARNING] Missing character: There is no ═ (U+2550) (U+2550) in font [lmmono10-regular]:!
[WARNING] Missing character: There is no ═ (U+2550) (U+2550) in font [lmmono10-regular]:!
[WARNING] Missing character: There is no ═ (U+2550) (U+2550) in font [lmmono10-regular]:!
[WARNING] Missing character: There is no ═ (U+2550) (U+2550) in font [lmmono10-regular]:!
[WARNING] Missing character: There is no ═ (U+2550) (U+2550) in font [lmmono10-regular]:!
[WARNING] Missing character: There is no ═ (U+2550) (U+2550) in font [lmmono10-regular]:!
[WARNING] Missing character: There is no ═ (U+2550) (U+2550) in font [lmmono10-regular]:!
[WARNING] Missing character: There is no ═ (U+2550) (U+2550) in font [lmmono10-regular]:!
[WARNING] Missing character: There is no ═ (U+2550) (U+2550) in font [lmmono10-regular]:!
[WARNING] Missing character: There is no ═ (U+2550) (U+2550) in font [lmmono10-regular]:!
[WARNING] Missing character: There is no ═ (U+2550) (U+2550) in font [lmmono10-regular]:!
[WARNING] Missing character: There is no ═ (U+2550) (U+2550) in font [lmmono10-regular]:!
[WARNING] Missing character: There is no ═ (U+2550) (U+2550) in font [lmmono10-regular]:!
[WARNING] Missing character: There is no ═ (U+2550) (U+2550) in font [lmmono10-regular]:!
[WARNING] Missing character: There is no ═ (U+2550) (U+2550) in font [lmmono10-regular]:!
[WARNING] Missing character: There is no ═ (U+2550) (U+2550) in font [lmmono10-regular]:!
[WARNING] Missing character: There is no ═ (U+2550) (U+2550) in font [lmmono10-regular]:!
[WARNING] Missing character: There is no ═ (U+2550) (U+2550) in font [lmmono10-regular]:!
[WARNING] Missing character: There is no ═ (U+2550) (U+2550) in font [lmmono10-regular]:!
[WARNING] Missing character: There is no ═ (U+2550) (U+2550) in font [lmmono10-regular]:!
[WARNING] Missing character: There is no ═ (U+2550) (U+2550) in font [lmmono10-regular]:!
[WARNING] Missing character: There is no ═ (U+2550) (U+2550) in font [lmmono10-regular]:!
[WARNING] Missing character: There is no ═ (U+2550) (U+2550) in font [lmmono10-regular]:!
[WARNING] Missing character: There is no ═ (U+2550) (U+2550) in font [lmmono10-regular]:!
[WARNING] Missing character: There is no ═ (U+2550) (U+2550) in font [lmmono10-regular]:!
[WARNING] Missing character: There is no ╝ (U+255D) (U+255D) in font [lmmono10-regular]:!
[WARNING] Missing character: There is no ─ (U+2500) (U+2500) in font [lmmono10-regular]:!
[WARNING] Missing character: There is no ─ (U+2500) (U+2500) in font [lmmono10-regular]:!
[WARNING] Missing character: There is no ─ (U+2500) (U+2500) in font [lmmono10-regular]:!
[WARNING] Missing character: There is no ─ (U+2500) (U+2500) in font [lmmono10-regular]:!
[WARNING] Missing character: There is no ─ (U+2500) (U+2500) in font [lmmono10-regular]:!
[WARNING] Missing character: There is no ─ (U+2500) (U+2500) in font [lmmono10-regular]:!
[WARNING] Missing character: There is no ─ (U+2500) (U+2500) in font [lmmono10-regular]:!
[WARNING] Missing character: There is no ─ (U+2500) (U+2500) in font [lmmono10-regular]:!
[WARNING] Missing character: There is no ─ (U+2500) (U+2500) in font [lmmono10-regular]:!
[WARNING] Missing character: There is no ─ (U+2500) (U+2500) in font [lmmono10-regular]:!
[WARNING] Missing character: There is no ─ (U+2500) (U+2500) in font [lmmono10-regular]:!
[WARNING] Missing character: There is no ─ (U+2500) (U+2500) in font [lmmono10-regular]:!
[WARNING] Missing character: There is no ─ (U+2500) (U+2500) in font [lmmono10-regular]:!
[WARNING] Missing character: There is no ─ (U+2500) (U+2500) in font [lmmono10-regular]:!
[WARNING] Missing character: There is no ─ (U+2500) (U+2500) in font [lmmono10-regular]:!
[WARNING] Missing character: There is no ─ (U+2500) (U+2500) in font [lmmono10-regular]:!
[WARNING] Missing character: There is no ─ (U+2500) (U+2500) in font [lmmono10-regular]:!
[WARNING] Missing character: There is no ─ (U+2500) (U+2500) in font [lmmono10-regular]:!
[WARNING] Missing character: There is no ─ (U+2500) (U+2500) in font [lmmono10-regular]:!
[WARNING] Missing character: There is no ─ (U+2500) (U+2500) in font [lmmono10-regular]:!
[WARNING] Missing character: There is no ─ (U+2500) (U+2500) in font [lmmono10-regular]:!
[WARNING] Missing character: There is no ─ (U+2500) (U+2500) in font [lmmono10-regular]:!
[WARNING] Missing character: There is no ─ (U+2500) (U+2500) in font [lmmono10-regular]:!
[WARNING] Missing character: There is no ─ (U+2500) (U+2500) in font [lmmono10-regular]:!
[WARNING] Missing character: There is no ─ (U+2500) (U+2500) in font [lmmono10-regular]:!
[WARNING] Missing character: There is no ─ (U+2500) (U+2500) in font [lmmono10-regular]:!
[WARNING] Missing character: There is no ─ (U+2500) (U+2500) in font [lmmono10-regular]:!
[WARNING] Missing character: There is no ─ (U+2500) (U+2500) in font [lmmono10-regular]:!
[WARNING] Missing character: There is no ─ (U+2500) (U+2500) in font [lmmono10-regular]:!
[WARNING] Missing character: There is no ─ (U+2500) (U+2500) in font [lmmono10-regular]:!
[WARNING] Missing character: There is no ─ (U+2500) (U+2500) in font [lmmono10-regular]:!
[WARNING] Missing character: There is no ─ (U+2500) (U+2500) in font [lmmono10-regular]:!
[WARNING] Missing character: There is no ─ (U+2500) (U+2500) in font [lmmono10-regular]:!
[WARNING] Missing character: There is no ─ (U+2500) (U+2500) in font [lmmono10-regular]:!
[WARNING] Missing character: There is no ─ (U+2500) (U+2500) in font [lmmono10-regular]:!
[WARNING] Missing character: There is no ─ (U+2500) (U+2500) in font [lmmono10-regular]:!
[WARNING] Missing character: There is no ─ (U+2500) (U+2500) in font [lmmono10-regular]:!
[WARNING] Missing character: There is no ─ (U+2500) (U+2500) in font [lmmono10-regular]:!
[WARNING] Missing character: There is no ─ (U+2500) (U+2500) in font [lmmono10-regular]:!
[WARNING] Missing character: There is no ─ (U+2500) (U+2500) in font [lmmono10-regular]:!
[WARNING] Missing character: There is no ─ (U+2500) (U+2500) in font [lmmono10-regular]:!
[WARNING] Missing character: There is no ─ (U+2500) (U+2500) in font [lmmono10-regular]:!
[WARNING] Missing character: There is no ─ (U+2500) (U+2500) in font [lmmono10-regular]:!
[WARNING] Missing character: There is no ─ (U+2500) (U+2500) in font [lmmono10-regular]:!
[WARNING] Missing character: There is no ─ (U+2500) (U+2500) in font [lmmono10-regular]:!
[WARNING] Missing character: There is no ─ (U+2500) (U+2500) in font [lmmono10-regular]:!
[WARNING] Missing character: There is no ─ (U+2500) (U+2500) in font [lmmono10-regular]:!
[WARNING] Missing character: There is no ─ (U+2500) (U+2500) in font [lmmono10-regular]:!
[WARNING] Missing character: There is no ─ (U+2500) (U+2500) in font [lmmono10-regular]:!
[WARNING] Missing character: There is no ─ (U+2500) (U+2500) in font [lmmono10-regular]:!
[WARNING] Missing character: There is no ─ (U+2500) (U+2500) in font [lmmono10-regular]:!
[WARNING] Missing character: There is no ─ (U+2500) (U+2500) in font [lmmono10-regular]:!
[WARNING] Missing character: There is no ─ (U+2500) (U+2500) in font [lmmono10-regular]:!
[WARNING] Missing character: There is no ─ (U+2500) (U+2500) in font [lmmono10-regular]:!
[WARNING] Missing character: There is no ─ (U+2500) (U+2500) in font [lmmono10-regular]:!
[WARNING] Missing character: There is no ─ (U+2500) (U+2500) in font [lmmono10-regular]:!
[WARNING] Missing character: There is no ─ (U+2500) (U+2500) in font [lmmono10-regular]:!
[WARNING] Missing character: There is no ─ (U+2500) (U+2500) in font [lmmono10-regular]:!
[WARNING] Missing character: There is no ─ (U+2500) (U+2500) in font [lmmono10-regular]:!
[WARNING] Missing character: There is no ─ (U+2500) (U+2500) in font [lmmono10-regular]:!
[WARNING] Missing character: There is no ─ (U+2500) (U+2500) in font [lmmono10-regular]:!
[WARNING] Missing character: There is no ─ (U+2500) (U+2500) in font [lmmono10-regular]:!
[WARNING] Missing character: There is no ─ (U+2500) (U+2500) in font [lmmono10-regular]:!
[WARNING] Missing character: There is no ─ (U+2500) (U+2500) in font [lmmono10-regular]:!
[WARNING] Missing character: There is no ─ (U+2500) (U+2500) in font [lmmono10-regular]:!
[WARNING] Missing character: There is no ─ (U+2500) (U+2500) in font [lmmono10-regular]:!
[WARNING] Missing character: There is no ─ (U+2500) (U+2500) in font [lmmono10-regular]:!
[WARNING] Missing character: There is no ─ (U+2500) (U+2500) in font [lmmono10-regular]:!
[WARNING] Missing character: There is no ─ (U+2500) (U+2500) in font [lmmono10-regular]:!
[WARNING] Missing character: There is no ─ (U+2500) (U+2500) in font [lmmono10-regular]:!
[WARNING] Missing character: There is no ─ (U+2500) (U+2500) in font [lmmono10-regular]:!
[WARNING] Missing character: There is no ─ (U+2500) (U+2500) in font [lmmono10-regular]:!
[WARNING] Missing character: There is no ─ (U+2500) (U+2500) in font [lmmono10-regular]:!
[WARNING] Missing character: There is no ─ (U+2500) (U+2500) in font [lmmono10-regular]:!
[WARNING] Missing character: There is no ─ (U+2500) (U+2500) in font [lmmono10-regular]:!
[WARNING] Missing character: There is no ─ (U+2500) (U+2500) in font [lmmono10-regular]:!
[WARNING] Missing character: There is no ─ (U+2500) (U+2500) in font [lmmono10-regular]:!
[WARNING] Missing character: There is no ─ (U+2500) (U+2500) in font [lmmono10-regular]:!
[WARNING] Missing character: There is no ─ (U+2500) (U+2500) in font [lmmono10-regular]:!
[WARNING] Missing character: There is no ─ (U+2500) (U+2500) in font [lmmono10-regular]:!
[WARNING] Missing character: There is no ─ (U+2500) (U+2500) in font [lmmono10-regular]:!
[WARNING] Missing character: There is no ─ (U+2500) (U+2500) in font [lmmono10-regular]:!
[WARNING] Missing character: There is no ─ (U+2500) (U+2500) in font [lmmono10-regular]:!
[WARNING] Missing character: There is no ─ (U+2500) (U+2500) in font [lmmono10-regular]:!
[WARNING] Missing character: There is no ─ (U+2500) (U+2500) in font [lmmono10-regular]:!
[WARNING] Missing character: There is no ─ (U+2500) (U+2500) in font [lmmono10-regular]:!
[WARNING] Missing character: There is no ─ (U+2500) (U+2500) in font [lmmono10-regular]:!
[WARNING] Missing character: There is no ─ (U+2500) (U+2500) in font [lmmono10-regular]:!
[WARNING] Missing character: There is no ─ (U+2500) (U+2500) in font [lmmono10-regular]:!
[WARNING] Missing character: There is no ─ (U+2500) (U+2500) in font [lmmono10-regular]:!
[WARNING] Missing character: There is no ─ (U+2500) (U+2500) in font [lmmono10-regular]:!
[WARNING] Missing character: There is no ─ (U+2500) (U+2500) in font [lmmono10-regular]:!
[WARNING] Missing character: There is no ─ (U+2500) (U+2500) in font [lmmono10-regular]:!
[WARNING] Missing character: There is no ─ (U+2500) (U+2500) in font [lmmono10-regular]:!
[WARNING] Missing character: There is no ─ (U+2500) (U+2500) in font [lmmono10-regular]:!
[WARNING] Missing character: There is no ─ (U+2500) (U+2500) in font [lmmono10-regular]:!
[WARNING] Missing character: There is no ─ (U+2500) (U+2500) in font [lmmono10-regular]:!
[WARNING] Missing character: There is no ─ (U+2500) (U+2500) in font [lmmono10-regular]:!
[WARNING] Missing character: There is no ─ (U+2500) (U+2500) in font [lmmono10-regular]:!
[WARNING] Missing character: There is no ─ (U+2500) (U+2500) in font [lmmono10-regular]:!
[WARNING] Missing character: There is no ─ (U+2500) (U+2500) in font [lmmono10-regular]:!
[WARNING] Missing character: There is no ─ (U+2500) (U+2500) in font [lmmono10-regular]:!
[WARNING] Missing character: There is no ─ (U+2500) (U+2500) in font [lmmono10-regular]:!
[WARNING] Missing character: There is no ─ (U+2500) (U+2500) in font [lmmono10-regular]:!
[WARNING] Missing character: There is no ─ (U+2500) (U+2500) in font [lmmono10-regular]:!
[WARNING] Missing character: There is no ─ (U+2500) (U+2500) in font [lmmono10-regular]:!
[WARNING] Missing character: There is no ─ (U+2500) (U+2500) in font [lmmono10-regular]:!
[WARNING] Missing character: There is no ─ (U+2500) (U+2500) in font [lmmono10-regular]:!
[WARNING] Missing character: There is no ─ (U+2500) (U+2500) in font [lmmono10-regular]:!
[WARNING] Missing character: There is no ─ (U+2500) (U+2500) in font [lmmono10-regular]:!
[WARNING] Missing character: There is no ─ (U+2500) (U+2500) in font [lmmono10-regular]:!
[WARNING] Missing character: There is no ─ (U+2500) (U+2500) in font [lmmono10-regular]:!
[WARNING] Missing character: There is no ─ (U+2500) (U+2500) in font [lmmono10-regular]:!
[WARNING] Missing character: There is no ─ (U+2500) (U+2500) in font [lmmono10-regular]:!
[WARNING] Missing character: There is no ─ (U+2500) (U+2500) in font [lmmono10-regular]:!
[WARNING] Missing character: There is no ─ (U+2500) (U+2500) in font [lmmono10-regular]:!
[WARNING] Missing character: There is no ─ (U+2500) (U+2500) in font [lmmono10-regular]:!
[WARNING] Missing character: There is no ─ (U+2500) (U+2500) in font [lmmono10-regular]:!
[WARNING] Missing character: There is no ─ (U+2500) (U+2500) in font [lmmono10-regular]:!
[WARNING] Missing character: There is no ─ (U+2500) (U+2500) in font [lmmono10-regular]:!
[WARNING] Missing character: There is no ─ (U+2500) (U+2500) in font [lmmono10-regular]:!
[WARNING] Missing character: There is no ─ (U+2500) (U+2500) in font [lmmono10-regular]:!
[WARNING] Missing character: There is no ─ (U+2500) (U+2500) in font [lmmono10-regular]:!
[WARNING] Missing character: There is no ─ (U+2500) (U+2500) in font [lmmono10-regular]:!
[WARNING] Missing character: There is no ─ (U+2500) (U+2500) in font [lmmono10-regular]:!
[WARNING] Missing character: There is no ─ (U+2500) (U+2500) in font [lmmono10-regular]:!
[WARNING] Missing character: There is no ─ (U+2500) (U+2500) in font [lmmono10-regular]:!
[WARNING] Missing character: There is no ─ (U+2500) (U+2500) in font [lmmono10-regular]:!
[WARNING] Missing character: There is no ─ (U+2500) (U+2500) in font [lmmono10-regular]:!
[WARNING] Missing character: There is no ─ (U+2500) (U+2500) in font [lmmono10-regular]:!
[WARNING] Missing character: There is no ─ (U+2500) (U+2500) in font [lmmono10-regular]:!
[WARNING] Missing character: There is no ─ (U+2500) (U+2500) in font [lmmono10-regular]:!
[WARNING] Missing character: There is no ─ (U+2500) (U+2500) in font [lmmono10-regular]:!
[WARNING] Missing character: There is no ─ (U+2500) (U+2500) in font [lmmono10-regular]:!
[WARNING] Missing character: There is no ─ (U+2500) (U+2500) in font [lmmono10-regular]:!
[WARNING] Missing character: There is no ─ (U+2500) (U+2500) in font [lmmono10-regular]:!
[WARNING] Missing character: There is no ─ (U+2500) (U+2500) in font [lmmono10-regular]:!
[WARNING] Missing character: There is no ─ (U+2500) (U+2500) in font [lmmono10-regular]:!
[WARNING] Missing character: There is no ─ (U+2500) (U+2500) in font [lmmono10-regular]:!
[WARNING] Missing character: There is no ─ (U+2500) (U+2500) in font [lmmono10-regular]:!
[WARNING] Missing character: There is no ─ (U+2500) (U+2500) in font [lmmono10-regular]:!
[WARNING] Missing character: There is no ─ (U+2500) (U+2500) in font [lmmono10-regular]:!
[WARNING] Missing character: There is no ─ (U+2500) (U+2500) in font [lmmono10-regular]:!
[WARNING] Missing character: There is no ─ (U+2500) (U+2500) in font [lmmono10-regular]:!
[WARNING] Missing character: There is no ─ (U+2500) (U+2500) in font [lmmono10-regular]:!
[WARNING] Missing character: There is no ─ (U+2500) (U+2500) in font [lmmono10-regular]:!
[WARNING] Missing character: There is no ─ (U+2500) (U+2500) in font [lmmono10-regular]:!
[WARNING] Missing character: There is no ─ (U+2500) (U+2500) in font [lmmono10-regular]:!
[WARNING] Missing character: There is no π (U+03C0) (U+03C0) in font [lmmono10-regular]:!
[WARNING] Missing character: There is no ₁ (U+2081) (U+2081) in font [lmmono10-regular]:!
[WARNING] Missing character: There is no π (U+03C0) (U+03C0) in font [lmmono10-regular]:!
[WARNING] Missing character: There is no ₁ (U+2081) (U+2081) in font [lmmono10-regular]:!
[WARNING] Missing character: There is no π (U+03C0) (U+03C0) in font [lmmono10-regular]:!
[WARNING] Missing character: There is no ₀ (U+2080) (U+2080) in font [lmmono10-regular]:!
[WARNING] Missing character: There is no ─ (U+2500) (U+2500) in font [lmmono10-regular]:!
[WARNING] Missing character: There is no ─ (U+2500) (U+2500) in font [lmmono10-regular]:!
[WARNING] Missing character: There is no ─ (U+2500) (U+2500) in font [lmmono10-regular]:!
[WARNING] Missing character: There is no ─ (U+2500) (U+2500) in font [lmmono10-regular]:!
[WARNING] Missing character: There is no ─ (U+2500) (U+2500) in font [lmmono10-regular]:!
[WARNING] Missing character: There is no ─ (U+2500) (U+2500) in font [lmmono10-regular]:!
[WARNING] Missing character: There is no ─ (U+2500) (U+2500) in font [lmmono10-regular]:!
[WARNING] Missing character: There is no ─ (U+2500) (U+2500) in font [lmmono10-regular]:!
[WARNING] Missing character: There is no ─ (U+2500) (U+2500) in font [lmmono10-regular]:!
[WARNING] Missing character: There is no ─ (U+2500) (U+2500) in font [lmmono10-regular]:!
[WARNING] Missing character: There is no ─ (U+2500) (U+2500) in font [lmmono10-regular]:!
[WARNING] Missing character: There is no ─ (U+2500) (U+2500) in font [lmmono10-regular]:!
[WARNING] Missing character: There is no ─ (U+2500) (U+2500) in font [lmmono10-regular]:!
[WARNING] Missing character: There is no ─ (U+2500) (U+2500) in font [lmmono10-regular]:!
[WARNING] Missing character: There is no ─ (U+2500) (U+2500) in font [lmmono10-regular]:!
[WARNING] Missing character: There is no ─ (U+2500) (U+2500) in font [lmmono10-regular]:!
[WARNING] Missing character: There is no ─ (U+2500) (U+2500) in font [lmmono10-regular]:!
[WARNING] Missing character: There is no ─ (U+2500) (U+2500) in font [lmmono10-regular]:!
[WARNING] Missing character: There is no ─ (U+2500) (U+2500) in font [lmmono10-regular]:!
[WARNING] Missing character: There is no ─ (U+2500) (U+2500) in font [lmmono10-regular]:!
[WARNING] Missing character: There is no ─ (U+2500) (U+2500) in font [lmmono10-regular]:!
[WARNING] Missing character: There is no ─ (U+2500) (U+2500) in font [lmmono10-regular]:!
[WARNING] Missing character: There is no ─ (U+2500) (U+2500) in font [lmmono10-regular]:!
[WARNING] Missing character: There is no ─ (U+2500) (U+2500) in font [lmmono10-regular]:!
[WARNING] Missing character: There is no ─ (U+2500) (U+2500) in font [lmmono10-regular]:!
[WARNING] Missing character: There is no ─ (U+2500) (U+2500) in font [lmmono10-regular]:!
[WARNING] Missing character: There is no ─ (U+2500) (U+2500) in font [lmmono10-regular]:!
[WARNING] Missing character: There is no ─ (U+2500) (U+2500) in font [lmmono10-regular]:!
[WARNING] Missing character: There is no ─ (U+2500) (U+2500) in font [lmmono10-regular]:!
[WARNING] Missing character: There is no ─ (U+2500) (U+2500) in font [lmmono10-regular]:!
[WARNING] Missing character: There is no ─ (U+2500) (U+2500) in font [lmmono10-regular]:!
[WARNING] Missing character: There is no ─ (U+2500) (U+2500) in font [lmmono10-regular]:!
[WARNING] Missing character: There is no ─ (U+2500) (U+2500) in font [lmmono10-regular]:!
[WARNING] Missing character: There is no ─ (U+2500) (U+2500) in font [lmmono10-regular]:!
[WARNING] Missing character: There is no ─ (U+2500) (U+2500) in font [lmmono10-regular]:!
[WARNING] Missing character: There is no ─ (U+2500) (U+2500) in font [lmmono10-regular]:!
[WARNING] Missing character: There is no ─ (U+2500) (U+2500) in font [lmmono10-regular]:!
[WARNING] Missing character: There is no ─ (U+2500) (U+2500) in font [lmmono10-regular]:!
[WARNING] Missing character: There is no ─ (U+2500) (U+2500) in font [lmmono10-regular]:!
[WARNING] Missing character: There is no ─ (U+2500) (U+2500) in font [lmmono10-regular]:!
[WARNING] Missing character: There is no ─ (U+2500) (U+2500) in font [lmmono10-regular]:!
[WARNING] Missing character: There is no ─ (U+2500) (U+2500) in font [lmmono10-regular]:!
[WARNING] Missing character: There is no ─ (U+2500) (U+2500) in font [lmmono10-regular]:!
[WARNING] Missing character: There is no ─ (U+2500) (U+2500) in font [lmmono10-regular]:!
[WARNING] Missing character: There is no ─ (U+2500) (U+2500) in font [lmmono10-regular]:!
[WARNING] Missing character: There is no ─ (U+2500) (U+2500) in font [lmmono10-regular]:!
[WARNING] Missing character: There is no ─ (U+2500) (U+2500) in font [lmmono10-regular]:!
[WARNING] Missing character: There is no ─ (U+2500) (U+2500) in font [lmmono10-regular]:!
[WARNING] Missing character: There is no ─ (U+2500) (U+2500) in font [lmmono10-regular]:!
[WARNING] Missing character: There is no ─ (U+2500) (U+2500) in font [lmmono10-regular]:!
[WARNING] Missing character: There is no ─ (U+2500) (U+2500) in font [lmmono10-regular]:!
[WARNING] Missing character: There is no ─ (U+2500) (U+2500) in font [lmmono10-regular]:!
[WARNING] Missing character: There is no ─ (U+2500) (U+2500) in font [lmmono10-regular]:!
[WARNING] Missing character: There is no ─ (U+2500) (U+2500) in font [lmmono10-regular]:!
[WARNING] Missing character: There is no ─ (U+2500) (U+2500) in font [lmmono10-regular]:!
[WARNING] Missing character: There is no ─ (U+2500) (U+2500) in font [lmmono10-regular]:!
[WARNING] Missing character: There is no ─ (U+2500) (U+2500) in font [lmmono10-regular]:!
[WARNING] Missing character: There is no ─ (U+2500) (U+2500) in font [lmmono10-regular]:!
[WARNING] Missing character: There is no ─ (U+2500) (U+2500) in font [lmmono10-regular]:!
[WARNING] Missing character: There is no ─ (U+2500) (U+2500) in font [lmmono10-regular]:!
[WARNING] Missing character: There is no ─ (U+2500) (U+2500) in font [lmmono10-regular]:!
[WARNING] Missing character: There is no ─ (U+2500) (U+2500) in font [lmmono10-regular]:!
[WARNING] Missing character: There is no ─ (U+2500) (U+2500) in font [lmmono10-regular]:!
[WARNING] Missing character: There is no ─ (U+2500) (U+2500) in font [lmmono10-regular]:!
[WARNING] Missing character: There is no ─ (U+2500) (U+2500) in font [lmmono10-regular]:!
[WARNING] Missing character: There is no ─ (U+2500) (U+2500) in font [lmmono10-regular]:!
[WARNING] Missing character: There is no ─ (U+2500) (U+2500) in font [lmmono10-regular]:!
[WARNING] Missing character: There is no ─ (U+2500) (U+2500) in font [lmmono10-regular]:!
[WARNING] Missing character: There is no ─ (U+2500) (U+2500) in font [lmmono10-regular]:!
[WARNING] Missing character: There is no ─ (U+2500) (U+2500) in font [lmmono10-regular]:!
[WARNING] Missing character: There is no ─ (U+2500) (U+2500) in font [lmmono10-regular]:!
[WARNING] Missing character: There is no ─ (U+2500) (U+2500) in font [lmmono10-regular]:!
[WARNING] Missing character: There is no ─ (U+2500) (U+2500) in font [lmmono10-regular]:!
[WARNING] Missing character: There is no ─ (U+2500) (U+2500) in font [lmmono10-regular]:!
[WARNING] Missing character: There is no ─ (U+2500) (U+2500) in font [lmmono10-regular]:!
[WARNING] Missing character: There is no ─ (U+2500) (U+2500) in font [lmmono10-regular]:!
[WARNING] Missing character: There is no ─ (U+2500) (U+2500) in font [lmmono10-regular]:!
[WARNING] Missing character: There is no ─ (U+2500) (U+2500) in font [lmmono10-regular]:!
[WARNING] Missing character: There is no ─ (U+2500) (U+2500) in font [lmmono10-regular]:!
[WARNING] Missing character: There is no ─ (U+2500) (U+2500) in font [lmmono10-regular]:!
[WARNING] Missing character: There is no ─ (U+2500) (U+2500) in font [lmmono10-regular]:!
[WARNING] Missing character: There is no ─ (U+2500) (U+2500) in font [lmmono10-regular]:!
[WARNING] Missing character: There is no ─ (U+2500) (U+2500) in font [lmmono10-regular]:!
[WARNING] Missing character: There is no ─ (U+2500) (U+2500) in font [lmmono10-regular]:!
[WARNING] Missing character: There is no ─ (U+2500) (U+2500) in font [lmmono10-regular]:!
[WARNING] Missing character: There is no ─ (U+2500) (U+2500) in font [lmmono10-regular]:!
[WARNING] Missing character: There is no ─ (U+2500) (U+2500) in font [lmmono10-regular]:!
[WARNING] Missing character: There is no ─ (U+2500) (U+2500) in font [lmmono10-regular]:!
[WARNING] Missing character: There is no ─ (U+2500) (U+2500) in font [lmmono10-regular]:!
[WARNING] Missing character: There is no ─ (U+2500) (U+2500) in font [lmmono10-regular]:!
[WARNING] Missing character: There is no ─ (U+2500) (U+2500) in font [lmmono10-regular]:!
[WARNING] Missing character: There is no ─ (U+2500) (U+2500) in font [lmmono10-regular]:!
[WARNING] Missing character: There is no ─ (U+2500) (U+2500) in font [lmmono10-regular]:!
[WARNING] Missing character: There is no ─ (U+2500) (U+2500) in font [lmmono10-regular]:!
[WARNING] Missing character: There is no ─ (U+2500) (U+2500) in font [lmmono10-regular]:!
[WARNING] Missing character: There is no ─ (U+2500) (U+2500) in font [lmmono10-regular]:!
[WARNING] Missing character: There is no ─ (U+2500) (U+2500) in font [lmmono10-regular]:!
[WARNING] Missing character: There is no ─ (U+2500) (U+2500) in font [lmmono10-regular]:!
[WARNING] Missing character: There is no ─ (U+2500) (U+2500) in font [lmmono10-regular]:!
[WARNING] Missing character: There is no ─ (U+2500) (U+2500) in font [lmmono10-regular]:!
[WARNING] Missing character: There is no ─ (U+2500) (U+2500) in font [lmmono10-regular]:!
[WARNING] Missing character: There is no ─ (U+2500) (U+2500) in font [lmmono10-regular]:!
[WARNING] Missing character: There is no ─ (U+2500) (U+2500) in font [lmmono10-regular]:!
[WARNING] Missing character: There is no ─ (U+2500) (U+2500) in font [lmmono10-regular]:!
[WARNING] Missing character: There is no ─ (U+2500) (U+2500) in font [lmmono10-regular]:!
[WARNING] Missing character: There is no ─ (U+2500) (U+2500) in font [lmmono10-regular]:!
[WARNING] Missing character: There is no ─ (U+2500) (U+2500) in font [lmmono10-regular]:!
[WARNING] Missing character: There is no ─ (U+2500) (U+2500) in font [lmmono10-regular]:!
[WARNING] Missing character: There is no ─ (U+2500) (U+2500) in font [lmmono10-regular]:!
[WARNING] Missing character: There is no ─ (U+2500) (U+2500) in font [lmmono10-regular]:!
[WARNING] Missing character: There is no ─ (U+2500) (U+2500) in font [lmmono10-regular]:!
[WARNING] Missing character: There is no ─ (U+2500) (U+2500) in font [lmmono10-regular]:!
[WARNING] Missing character: There is no ─ (U+2500) (U+2500) in font [lmmono10-regular]:!
[WARNING] Missing character: There is no ─ (U+2500) (U+2500) in font [lmmono10-regular]:!
[WARNING] Missing character: There is no ─ (U+2500) (U+2500) in font [lmmono10-regular]:!
[WARNING] Missing character: There is no ─ (U+2500) (U+2500) in font [lmmono10-regular]:!
[WARNING] Missing character: There is no ─ (U+2500) (U+2500) in font [lmmono10-regular]:!
[WARNING] Missing character: There is no ─ (U+2500) (U+2500) in font [lmmono10-regular]:!
[WARNING] Missing character: There is no ─ (U+2500) (U+2500) in font [lmmono10-regular]:!
[WARNING] Missing character: There is no ─ (U+2500) (U+2500) in font [lmmono10-regular]:!
[WARNING] Missing character: There is no ─ (U+2500) (U+2500) in font [lmmono10-regular]:!
[WARNING] Missing character: There is no ─ (U+2500) (U+2500) in font [lmmono10-regular]:!
[WARNING] Missing character: There is no ─ (U+2500) (U+2500) in font [lmmono10-regular]:!
[WARNING] Missing character: There is no ─ (U+2500) (U+2500) in font [lmmono10-regular]:!
[WARNING] Missing character: There is no ─ (U+2500) (U+2500) in font [lmmono10-regular]:!
[WARNING] Missing character: There is no ─ (U+2500) (U+2500) in font [lmmono10-regular]:!
[WARNING] Missing character: There is no ─ (U+2500) (U+2500) in font [lmmono10-regular]:!
[WARNING] Missing character: There is no ─ (U+2500) (U+2500) in font [lmmono10-regular]:!
[WARNING] Missing character: There is no ─ (U+2500) (U+2500) in font [lmmono10-regular]:!
[WARNING] Missing character: There is no ─ (U+2500) (U+2500) in font [lmmono10-regular]:!
[WARNING] Missing character: There is no ─ (U+2500) (U+2500) in font [lmmono10-regular]:!
[WARNING] Missing character: There is no ─ (U+2500) (U+2500) in font [lmmono10-regular]:!
[WARNING] Missing character: There is no ─ (U+2500) (U+2500) in font [lmmono10-regular]:!
[WARNING] Missing character: There is no ─ (U+2500) (U+2500) in font [lmmono10-regular]:!
[WARNING] Missing character: There is no ─ (U+2500) (U+2500) in font [lmmono10-regular]:!
[WARNING] Missing character: There is no ─ (U+2500) (U+2500) in font [lmmono10-regular]:!
[WARNING] Missing character: There is no ─ (U+2500) (U+2500) in font [lmmono10-regular]:!
[WARNING] Missing character: There is no ─ (U+2500) (U+2500) in font [lmmono10-regular]:!
[WARNING] Missing character: There is no ─ (U+2500) (U+2500) in font [lmmono10-regular]:!
[WARNING] Missing character: There is no ─ (U+2500) (U+2500) in font [lmmono10-regular]:!
[WARNING] Missing character: There is no ─ (U+2500) (U+2500) in font [lmmono10-regular]:!
[WARNING] Missing character: There is no ─ (U+2500) (U+2500) in font [lmmono10-regular]:!
[WARNING] Missing character: There is no ─ (U+2500) (U+2500) in font [lmmono10-regular]:!
[WARNING] Missing character: There is no ─ (U+2500) (U+2500) in font [lmmono10-regular]:!
[WARNING] Missing character: There is no ─ (U+2500) (U+2500) in font [lmmono10-regular]:!
[WARNING] Missing character: There is no ─ (U+2500) (U+2500) in font [lmmono10-regular]:!
[WARNING] Missing character: There is no ─ (U+2500) (U+2500) in font [lmmono10-regular]:!
[WARNING] Missing character: There is no ─ (U+2500) (U+2500) in font [lmmono10-regular]:!
[WARNING] Missing character: There is no π (U+03C0) (U+03C0) in font [lmmono10-regular]:!
[WARNING] Missing character: There is no ₁ (U+2081) (U+2081) in font [lmmono10-regular]:!
[WARNING] Missing character: There is no π (U+03C0) (U+03C0) in font [lmmono10-regular]:!
[WARNING] Missing character: There is no ₀ (U+2080) (U+2080) in font [lmmono10-regular]:!
[WARNING] Missing character: There is no π (U+03C0) (U+03C0) in font [lmmono10-regular]:!
[WARNING] Missing character: There is no ₁ (U+2081) (U+2081) in font [lmmono10-regular]:!
[WARNING] Missing character: There is no π (U+03C0) (U+03C0) in font [lmmono10-regular]:!
[WARNING] Missing character: There is no ₀ (U+2080) (U+2080) in font [lmmono10-regular]:!
[WARNING] Missing character: There is no π (U+03C0) (U+03C0) in font [lmmono10-regular]:!
[WARNING] Missing character: There is no ₁ (U+2081) (U+2081) in font [lmmono10-regular]:!
[WARNING] Missing character: There is no π (U+03C0) (U+03C0) in font [lmmono10-regular]:!
[WARNING] Missing character: There is no ₁ (U+2081) (U+2081) in font [lmmono10-regular]:!
[WARNING] Missing character: There is no π (U+03C0) (U+03C0) in font [lmmono10-regular]:!
[WARNING] Missing character: There is no ₀ (U+2080) (U+2080) in font [lmmono10-regular]:!
[WARNING] Missing character: There is no ─ (U+2500) (U+2500) in font [lmmono10-regular]:!
[WARNING] Missing character: There is no ─ (U+2500) (U+2500) in font [lmmono10-regular]:!
[WARNING] Missing character: There is no ─ (U+2500) (U+2500) in font [lmmono10-regular]:!
[WARNING] Missing character: There is no ─ (U+2500) (U+2500) in font [lmmono10-regular]:!
[WARNING] Missing character: There is no ─ (U+2500) (U+2500) in font [lmmono10-regular]:!
[WARNING] Missing character: There is no ─ (U+2500) (U+2500) in font [lmmono10-regular]:!
[WARNING] Missing character: There is no ─ (U+2500) (U+2500) in font [lmmono10-regular]:!
[WARNING] Missing character: There is no ─ (U+2500) (U+2500) in font [lmmono10-regular]:!
[WARNING] Missing character: There is no ─ (U+2500) (U+2500) in font [lmmono10-regular]:!
[WARNING] Missing character: There is no ─ (U+2500) (U+2500) in font [lmmono10-regular]:!
[WARNING] Missing character: There is no ─ (U+2500) (U+2500) in font [lmmono10-regular]:!
[WARNING] Missing character: There is no ─ (U+2500) (U+2500) in font [lmmono10-regular]:!
[WARNING] Missing character: There is no ─ (U+2500) (U+2500) in font [lmmono10-regular]:!
[WARNING] Missing character: There is no ─ (U+2500) (U+2500) in font [lmmono10-regular]:!
[WARNING] Missing character: There is no ─ (U+2500) (U+2500) in font [lmmono10-regular]:!
[WARNING] Missing character: There is no ─ (U+2500) (U+2500) in font [lmmono10-regular]:!
[WARNING] Missing character: There is no ─ (U+2500) (U+2500) in font [lmmono10-regular]:!
[WARNING] Missing character: There is no ─ (U+2500) (U+2500) in font [lmmono10-regular]:!
[WARNING] Missing character: There is no ─ (U+2500) (U+2500) in font [lmmono10-regular]:!
[WARNING] Missing character: There is no ─ (U+2500) (U+2500) in font [lmmono10-regular]:!
[WARNING] Missing character: There is no ─ (U+2500) (U+2500) in font [lmmono10-regular]:!
[WARNING] Missing character: There is no ─ (U+2500) (U+2500) in font [lmmono10-regular]:!
[WARNING] Missing character: There is no ─ (U+2500) (U+2500) in font [lmmono10-regular]:!
[WARNING] Missing character: There is no ─ (U+2500) (U+2500) in font [lmmono10-regular]:!
[WARNING] Missing character: There is no ─ (U+2500) (U+2500) in font [lmmono10-regular]:!
[WARNING] Missing character: There is no ─ (U+2500) (U+2500) in font [lmmono10-regular]:!
[WARNING] Missing character: There is no ─ (U+2500) (U+2500) in font [lmmono10-regular]:!
[WARNING] Missing character: There is no ─ (U+2500) (U+2500) in font [lmmono10-regular]:!
[WARNING] Missing character: There is no ─ (U+2500) (U+2500) in font [lmmono10-regular]:!
[WARNING] Missing character: There is no ─ (U+2500) (U+2500) in font [lmmono10-regular]:!
[WARNING] Missing character: There is no ─ (U+2500) (U+2500) in font [lmmono10-regular]:!
[WARNING] Missing character: There is no ─ (U+2500) (U+2500) in font [lmmono10-regular]:!
[WARNING] Missing character: There is no ─ (U+2500) (U+2500) in font [lmmono10-regular]:!
[WARNING] Missing character: There is no ─ (U+2500) (U+2500) in font [lmmono10-regular]:!
[WARNING] Missing character: There is no ─ (U+2500) (U+2500) in font [lmmono10-regular]:!
[WARNING] Missing character: There is no ─ (U+2500) (U+2500) in font [lmmono10-regular]:!
[WARNING] Missing character: There is no ─ (U+2500) (U+2500) in font [lmmono10-regular]:!
[WARNING] Missing character: There is no ─ (U+2500) (U+2500) in font [lmmono10-regular]:!
[WARNING] Missing character: There is no ─ (U+2500) (U+2500) in font [lmmono10-regular]:!
[WARNING] Missing character: There is no ─ (U+2500) (U+2500) in font [lmmono10-regular]:!
[WARNING] Missing character: There is no ─ (U+2500) (U+2500) in font [lmmono10-regular]:!
[WARNING] Missing character: There is no ─ (U+2500) (U+2500) in font [lmmono10-regular]:!
[WARNING] Missing character: There is no ─ (U+2500) (U+2500) in font [lmmono10-regular]:!
[WARNING] Missing character: There is no ─ (U+2500) (U+2500) in font [lmmono10-regular]:!
[WARNING] Missing character: There is no ─ (U+2500) (U+2500) in font [lmmono10-regular]:!
[WARNING] Missing character: There is no ─ (U+2500) (U+2500) in font [lmmono10-regular]:!
[WARNING] Missing character: There is no ─ (U+2500) (U+2500) in font [lmmono10-regular]:!
[WARNING] Missing character: There is no ─ (U+2500) (U+2500) in font [lmmono10-regular]:!
[WARNING] Missing character: There is no ─ (U+2500) (U+2500) in font [lmmono10-regular]:!
[WARNING] Missing character: There is no ─ (U+2500) (U+2500) in font [lmmono10-regular]:!
[WARNING] Missing character: There is no ─ (U+2500) (U+2500) in font [lmmono10-regular]:!
[WARNING] Missing character: There is no ─ (U+2500) (U+2500) in font [lmmono10-regular]:!
[WARNING] Missing character: There is no ─ (U+2500) (U+2500) in font [lmmono10-regular]:!
[WARNING] Missing character: There is no ─ (U+2500) (U+2500) in font [lmmono10-regular]:!
[WARNING] Missing character: There is no ─ (U+2500) (U+2500) in font [lmmono10-regular]:!
[WARNING] Missing character: There is no ─ (U+2500) (U+2500) in font [lmmono10-regular]:!
[WARNING] Missing character: There is no ─ (U+2500) (U+2500) in font [lmmono10-regular]:!
[WARNING] Missing character: There is no ─ (U+2500) (U+2500) in font [lmmono10-regular]:!
[WARNING] Missing character: There is no ─ (U+2500) (U+2500) in font [lmmono10-regular]:!
[WARNING] Missing character: There is no ─ (U+2500) (U+2500) in font [lmmono10-regular]:!
[WARNING] Missing character: There is no ─ (U+2500) (U+2500) in font [lmmono10-regular]:!
[WARNING] Missing character: There is no ─ (U+2500) (U+2500) in font [lmmono10-regular]:!
[WARNING] Missing character: There is no ─ (U+2500) (U+2500) in font [lmmono10-regular]:!
[WARNING] Missing character: There is no ─ (U+2500) (U+2500) in font [lmmono10-regular]:!
[WARNING] Missing character: There is no ─ (U+2500) (U+2500) in font [lmmono10-regular]:!
[WARNING] Missing character: There is no ─ (U+2500) (U+2500) in font [lmmono10-regular]:!
[WARNING] Missing character: There is no ─ (U+2500) (U+2500) in font [lmmono10-regular]:!
[WARNING] Missing character: There is no ─ (U+2500) (U+2500) in font [lmmono10-regular]:!
[WARNING] Missing character: There is no ─ (U+2500) (U+2500) in font [lmmono10-regular]:!
[WARNING] Missing character: There is no ─ (U+2500) (U+2500) in font [lmmono10-regular]:!
[WARNING] Missing character: There is no ─ (U+2500) (U+2500) in font [lmmono10-regular]:!
[WARNING] Missing character: There is no ─ (U+2500) (U+2500) in font [lmmono10-regular]:!
[WARNING] Missing character: There is no ─ (U+2500) (U+2500) in font [lmmono10-regular]:!
[WARNING] Missing character: There is no ─ (U+2500) (U+2500) in font [lmmono10-regular]:!
[WARNING] Missing character: There is no ─ (U+2500) (U+2500) in font [lmmono10-regular]:!
[WARNING] Missing character: There is no ─ (U+2500) (U+2500) in font [lmmono10-regular]:!
[WARNING] Missing character: There is no ─ (U+2500) (U+2500) in font [lmmono10-regular]:!
[WARNING] Missing character: There is no ─ (U+2500) (U+2500) in font [lmmono10-regular]:!
[WARNING] Missing character: There is no ─ (U+2500) (U+2500) in font [lmmono10-regular]:!
[WARNING] Missing character: There is no ─ (U+2500) (U+2500) in font [lmmono10-regular]:!
[WARNING] Missing character: There is no ─ (U+2500) (U+2500) in font [lmmono10-regular]:!
[WARNING] Missing character: There is no ─ (U+2500) (U+2500) in font [lmmono10-regular]:!
[WARNING] Missing character: There is no ─ (U+2500) (U+2500) in font [lmmono10-regular]:!
[WARNING] Missing character: There is no ─ (U+2500) (U+2500) in font [lmmono10-regular]:!
[WARNING] Missing character: There is no ─ (U+2500) (U+2500) in font [lmmono10-regular]:!
[WARNING] Missing character: There is no ─ (U+2500) (U+2500) in font [lmmono10-regular]:!
[WARNING] Missing character: There is no ─ (U+2500) (U+2500) in font [lmmono10-regular]:!
[WARNING] Missing character: There is no ─ (U+2500) (U+2500) in font [lmmono10-regular]:!
[WARNING] Missing character: There is no ─ (U+2500) (U+2500) in font [lmmono10-regular]:!
[WARNING] Missing character: There is no ─ (U+2500) (U+2500) in font [lmmono10-regular]:!
[WARNING] Missing character: There is no ─ (U+2500) (U+2500) in font [lmmono10-regular]:!
[WARNING] Missing character: There is no ─ (U+2500) (U+2500) in font [lmmono10-regular]:!
[WARNING] Missing character: There is no ─ (U+2500) (U+2500) in font [lmmono10-regular]:!
[WARNING] Missing character: There is no ─ (U+2500) (U+2500) in font [lmmono10-regular]:!
[WARNING] Missing character: There is no ─ (U+2500) (U+2500) in font [lmmono10-regular]:!
[WARNING] Missing character: There is no ─ (U+2500) (U+2500) in font [lmmono10-regular]:!
[WARNING] Missing character: There is no ─ (U+2500) (U+2500) in font [lmmono10-regular]:!
[WARNING] Missing character: There is no ─ (U+2500) (U+2500) in font [lmmono10-regular]:!
[WARNING] Missing character: There is no ─ (U+2500) (U+2500) in font [lmmono10-regular]:!
[WARNING] Missing character: There is no ─ (U+2500) (U+2500) in font [lmmono10-regular]:!
[WARNING] Missing character: There is no ─ (U+2500) (U+2500) in font [lmmono10-regular]:!
[WARNING] Missing character: There is no ─ (U+2500) (U+2500) in font [lmmono10-regular]:!
[WARNING] Missing character: There is no ─ (U+2500) (U+2500) in font [lmmono10-regular]:!
[WARNING] Missing character: There is no ─ (U+2500) (U+2500) in font [lmmono10-regular]:!
[WARNING] Missing character: There is no ─ (U+2500) (U+2500) in font [lmmono10-regular]:!
[WARNING] Missing character: There is no ─ (U+2500) (U+2500) in font [lmmono10-regular]:!
[WARNING] Missing character: There is no ─ (U+2500) (U+2500) in font [lmmono10-regular]:!
[WARNING] Missing character: There is no ─ (U+2500) (U+2500) in font [lmmono10-regular]:!
[WARNING] Missing character: There is no ─ (U+2500) (U+2500) in font [lmmono10-regular]:!
[WARNING] Missing character: There is no ─ (U+2500) (U+2500) in font [lmmono10-regular]:!
[WARNING] Missing character: There is no ─ (U+2500) (U+2500) in font [lmmono10-regular]:!
[WARNING] Missing character: There is no ─ (U+2500) (U+2500) in font [lmmono10-regular]:!
[WARNING] Missing character: There is no ─ (U+2500) (U+2500) in font [lmmono10-regular]:!
[WARNING] Missing character: There is no ─ (U+2500) (U+2500) in font [lmmono10-regular]:!
[WARNING] Missing character: There is no ─ (U+2500) (U+2500) in font [lmmono10-regular]:!
[WARNING] Missing character: There is no ─ (U+2500) (U+2500) in font [lmmono10-regular]:!
[WARNING] Missing character: There is no ─ (U+2500) (U+2500) in font [lmmono10-regular]:!
[WARNING] Missing character: There is no ─ (U+2500) (U+2500) in font [lmmono10-regular]:!
[WARNING] Missing character: There is no ─ (U+2500) (U+2500) in font [lmmono10-regular]:!
[WARNING] Missing character: There is no ─ (U+2500) (U+2500) in font [lmmono10-regular]:!
[WARNING] Missing character: There is no ─ (U+2500) (U+2500) in font [lmmono10-regular]:!
[WARNING] Missing character: There is no ─ (U+2500) (U+2500) in font [lmmono10-regular]:!
[WARNING] Missing character: There is no ─ (U+2500) (U+2500) in font [lmmono10-regular]:!
[WARNING] Missing character: There is no ─ (U+2500) (U+2500) in font [lmmono10-regular]:!
[WARNING] Missing character: There is no ─ (U+2500) (U+2500) in font [lmmono10-regular]:!
[WARNING] Missing character: There is no ─ (U+2500) (U+2500) in font [lmmono10-regular]:!
[WARNING] Missing character: There is no ─ (U+2500) (U+2500) in font [lmmono10-regular]:!
[WARNING] Missing character: There is no ─ (U+2500) (U+2500) in font [lmmono10-regular]:!
[WARNING] Missing character: There is no ─ (U+2500) (U+2500) in font [lmmono10-regular]:!
[WARNING] Missing character: There is no ─ (U+2500) (U+2500) in font [lmmono10-regular]:!
[WARNING] Missing character: There is no ─ (U+2500) (U+2500) in font [lmmono10-regular]:!
[WARNING] Missing character: There is no ─ (U+2500) (U+2500) in font [lmmono10-regular]:!
[WARNING] Missing character: There is no ─ (U+2500) (U+2500) in font [lmmono10-regular]:!
[WARNING] Missing character: There is no ─ (U+2500) (U+2500) in font [lmmono10-regular]:!
[WARNING] Missing character: There is no ─ (U+2500) (U+2500) in font [lmmono10-regular]:!
[WARNING] Missing character: There is no ─ (U+2500) (U+2500) in font [lmmono10-regular]:!
[WARNING] Missing character: There is no ─ (U+2500) (U+2500) in font [lmmono10-regular]:!
[WARNING] Missing character: There is no ─ (U+2500) (U+2500) in font [lmmono10-regular]:!
[WARNING] Missing character: There is no ─ (U+2500) (U+2500) in font [lmmono10-regular]:!
[WARNING] Missing character: There is no ─ (U+2500) (U+2500) in font [lmmono10-regular]:!
[WARNING] Missing character: There is no ─ (U+2500) (U+2500) in font [lmmono10-regular]:!
[WARNING] Missing character: There is no ─ (U+2500) (U+2500) in font [lmmono10-regular]:!
[WARNING] Missing character: There is no ─ (U+2500) (U+2500) in font [lmmono10-regular]:!
[WARNING] Missing character: There is no ─ (U+2500) (U+2500) in font [lmmono10-regular]:!
[WARNING] Missing character: There is no ─ (U+2500) (U+2500) in font [lmmono10-regular]:!
[WARNING] Missing character: There is no ─ (U+2500) (U+2500) in font [lmmono10-regular]:!
[WARNING] Missing character: There is no ─ (U+2500) (U+2500) in font [lmmono10-regular]:!
[WARNING] Missing character: There is no ─ (U+2500) (U+2500) in font [lmmono10-regular]:!
[WARNING] Missing character: There is no ≠ (U+2260) (U+2260) in font [lmmono10-regular]:!
[WARNING] Missing character: There is no ≠ (U+2260) (U+2260) in font [lmmono10-regular]:!
[WARNING] Missing character: There is no θ (U+03B8) (U+03B8) in font [lmmono10-regular]:!
[WARNING] Missing character: There is no θ (U+03B8) (U+03B8) in font [lmmono10-regular]:!
[WARNING] Missing character: There is no θ (U+03B8) (U+03B8) in font [lmmono10-regular]:!
[WARNING] Missing character: There is no θ (U+03B8) (U+03B8) in font [lmmono10-regular]:!
[WARNING] Missing character: There is no ∏ (U+220F) (U+220F) in font [lmmono10-regular]:!
[WARNING] Missing character: There is no θ (U+03B8) (U+03B8) in font [lmmono10-regular]:!
[WARNING] Missing character: There is no π (U+03C0) (U+03C0) in font [lmmono10-regular]:!
[WARNING] Missing character: There is no ₀ (U+2080) (U+2080) in font [lmmono10-regular]:!
[WARNING] Missing character: There is no π (U+03C0) (U+03C0) in font [lmmono10-regular]:!
[WARNING] Missing character: There is no ₁ (U+2081) (U+2081) in font [lmmono10-regular]:!
[WARNING] Missing character: There is no π (U+03C0) (U+03C0) in font [lmmono10-regular]:!
[WARNING] Missing character: There is no ₁ (U+2081) (U+2081) in font [lmmono10-regular]:!
[WARNING] Missing character: There is no π (U+03C0) (U+03C0) in font [lmmono10-regular]:!
[WARNING] Missing character: There is no ₁ (U+2081) (U+2081) in font [lmmono10-regular]:!
[WARNING] Missing character: There is no π (U+03C0) (U+03C0) in font [lmmono10-regular]:!
[WARNING] Missing character: There is no ₁ (U+2081) (U+2081) in font [lmmono10-regular]:!
[WARNING] Missing character: There is no π (U+03C0) (U+03C0) in font [lmmono10-regular]:!
[WARNING] Missing character: There is no ₀ (U+2080) (U+2080) in font [lmmono10-regular]:!
[WARNING] Missing character: There is no π (U+03C0) (U+03C0) in font [lmmono10-regular]:!
[WARNING] Missing character: There is no ₁ (U+2081) (U+2081) in font [lmmono10-regular]:!
